[debug] [2025-01-12T18:17:17.388Z] : 
[debug] [2025-01-12T18:17:17.390Z] : ----------------------------------------------------------------------
[debug] [2025-01-12T18:17:17.390Z] : Command:      C:\Program Files\nodejs\node.exe C:\Users\vignesh\AppData\Roaming\npm\node_modules\zcatalyst-cli\lib\bin\catalyst.js init
[debug] [2025-01-12T18:17:17.390Z] : CLI Version:  1.17.6
[debug] [2025-01-12T18:17:17.391Z] : Platform:     win32
[debug] [2025-01-12T18:17:17.392Z] : Node Version: v20.1.0
[debug] [2025-01-12T18:17:17.392Z] : Time:         Sun Jan 12 2025 23:47:17 GMT+0530 (India Standard Time)
[debug] [2025-01-12T18:17:17.392Z] : ----------------------------------------------------------------------
[debug] [2025-01-12T18:17:17.393Z] : 
[debug] [2025-01-12T18:17:18.202Z] : > authorizing via signed-in user option
[debug] [2025-01-12T18:17:18.203Z] : > command requires scopes: ["ZohoCatalyst.projects.ALL","ZohoCatalyst.projects.ALL","Stratus.sdkop.CREATE","Stratus.sdkop.READ","ZohoCatalyst.project.import.CREATE"]
[info] [2025-01-12T18:17:18.219Z] : 
      ___  
      \  \     ____           _             _                 _   
   ___ \  \   / ___|   __ _  | |_    __ _  | |  _   _   ___  | |_ 
  /  / /  /  | |      / _` | | __|  / _` | | | | | | | / __| | __|
 /  / /__/   | |___  | (_| | | |_  | (_| | | | | |_| | \__ \ | |_ 
 \  \         \____|  \__,_|  \__|  \__,_| |_|  \__, | |___/  \__|
  \__\                                          |___/       

You're about to initialize a Catalyst project in this directory:

  C:\Users\vignesh\Desktop\Pep\VisitlyAssessment\Deployment

[debug] [2025-01-12T18:17:20.676Z] : > refreshing access token <
[debug] [2025-01-12T18:17:20.678Z] : >>>> HTTP REQUEST : POST https://accounts.zoho.in/oauth/v2/token 
<request body omitted>

[debug] [2025-01-12T18:17:21.586Z] : <<<< HTTP RESPONSE : 200
Response Headers: {"server":"ZGS","date":"Sun, 12 Jan 2025 18:17:23 GMT","content-type":"application/json;charset=UTF-8","content-length":"1948","connection":"keep-alive","set-cookie":["zalb_6e73717622=dea4bb29906843a6fbdf3bd5c0e43d1d; Path=/; Secure; HttpOnly","iamcsr=9328f05d-f72b-4ad5-908c-bdfb6df01415;path=/;SameSite=None;Secure;priority=high","_zcsr_tmp=9328f05d-f72b-4ad5-908c-bdfb6df01415;path=/;SameSite=Strict;Secure;priority=high"],"cache-control":"no-store","x-content-type-options":"nosniff","content-security-policy":"script-src 'self' 'unsafe-inline' 'unsafe-eval' https://*.zohocdn.com https://*.zoho.com https://*.zoho.eu https://*.zoho.com.cn https://*.zoho.com.au https://*.zoho.jp https://*.zoho.uk https://*.zoho.sa https://*.zohocloud.ca; report-uri https://logsapi.zoho.in/csplog?service=accounts;","pragma":"no-cache","x-frame-options":"SAMEORIGIN","vary":"accept-encoding","content-language":"en-US","strict-transport-security":"max-age=64072000; includeSubDomains; preload"}

[debug] [2025-01-12T18:17:21.608Z] : >>>> HTTP REQUEST : GET https://api.catalyst.zoho.in/baas/v1/orgs 

[debug] [2025-01-12T18:17:22.300Z] : <<<< HTTP RESPONSE : 200
Response Headers: {"server":"ZGS","date":"Sun, 12 Jan 2025 18:17:23 GMT","content-type":"application/vnd.catalyst.v2+json","transfer-encoding":"chunked","connection":"keep-alive","set-cookie":["zalb_3a750b85f1=411f509465b028e7e235eac6930aaab2; Path=/; Secure; HttpOnly","ZD_CSRF_TOKEN=d081a9b6-7c33-4481-8e9d-ae66b8250f06;path=/;SameSite=None;Secure;priority=high","_zcsr_tmp=d081a9b6-7c33-4481-8e9d-ae66b8250f06;path=/;SameSite=Strict;Secure;priority=high"],"x-content-type-options":"nosniff","x-xss-protection":"1","cache-control":"private,no-cache,no-store,max-age=0,must-revalidate","pragma":"no-cache","expires":"Thu, 01 Jan 1970 00:00:00 GMT","x-frame-options":"DENY","strict-transport-security":"max-age=64072000; includeSubDomains; preload"}

[info] [2025-01-12T18:17:22.304Z] : i Setting up a new default project for this folder

[debug] [2025-01-12T18:17:22.307Z] : >>>> HTTP REQUEST : GET https://api.catalyst.zoho.in/baas/v1/project 

[debug] [2025-01-12T18:17:22.505Z] : <<<< HTTP RESPONSE : 200
Response Headers: {"server":"ZGS","date":"Sun, 12 Jan 2025 18:17:24 GMT","content-type":"application/vnd.catalyst.v2+json","transfer-encoding":"chunked","connection":"keep-alive","set-cookie":["zalb_3a750b85f1=ed010f63633be60a322039283f31a645; Path=/; Secure; HttpOnly","ZD_CSRF_TOKEN=68358c18-57e4-464f-8843-6ae930203115;path=/;SameSite=None;Secure;priority=high","_zcsr_tmp=68358c18-57e4-464f-8843-6ae930203115;path=/;SameSite=Strict;Secure;priority=high"],"x-content-type-options":"nosniff","x-xss-protection":"1","cache-control":"private,no-cache,no-store,max-age=0,must-revalidate","pragma":"no-cache","expires":"Thu, 01 Jan 1970 00:00:00 GMT","x-frame-options":"DENY","strict-transport-security":"max-age=64072000; includeSubDomains; preload"}

[debug] [2025-01-12T18:17:28.914Z] : >>>> HTTP REQUEST : GET https://api.catalyst.zoho.in/baas/v1/project/12374000000007077/environment 

[debug] [2025-01-12T18:17:29.365Z] : <<<< HTTP RESPONSE : 200
Response Headers: {"server":"ZGS","date":"Sun, 12 Jan 2025 18:17:30 GMT","content-type":"application/vnd.catalyst.v2+json","transfer-encoding":"chunked","connection":"keep-alive","set-cookie":["zalb_3a750b85f1=411f509465b028e7e235eac6930aaab2; Path=/; Secure; HttpOnly","ZD_CSRF_TOKEN=885c6bb5-bae0-4890-aeb7-d77ea9713dad;path=/;SameSite=None;Secure;priority=high","_zcsr_tmp=885c6bb5-bae0-4890-aeb7-d77ea9713dad;path=/;SameSite=Strict;Secure;priority=high"],"x-content-type-options":"nosniff","x-xss-protection":"1","cache-control":"private,no-cache,no-store,max-age=0,must-revalidate","pragma":"no-cache","expires":"Thu, 01 Jan 1970 00:00:00 GMT","x-frame-options":"DENY","strict-transport-security":"max-age=64072000; includeSubDomains; preload"}

[info] [2025-01-12T18:17:29.379Z] : i .catalystrc file has be successfully created with project details.
[info] [2025-01-12T18:17:58.095Z] : 
===> Appsail Setup
[info] [2025-01-12T18:18:09.433Z] : 
[info] [2025-01-12T18:18:09.433Z] : => Configure AppSail service
